<?xml version="1.0" encoding="UTF-8"?>
<!-- Generated by org.testng.reporters.JUnitReportReporter -->
<testsuite hostname="user-PC" name="com.guarented.ecommerce.Testplans.CartPageTestPlan" tests="1" failures="0" timestamp="2 Oct 2017 09:49:50 GMT" time="61.027" errors="0">
  <testcase name="calculatepriceincartpagewrtoitems" time="61.027" classname="com.guarented.ecommerce.Testplans.CartPageTestPlan"/>
</testsuite> <!-- com.guarented.ecommerce.Testplans.CartPageTestPlan -->
