<?xml version="1.0" encoding="UTF-8"?>
<!-- Generated by org.testng.reporters.JUnitReportReporter -->
<testsuite hostname="user-PC" name="com.guarented.ecommerce.Testplans.ProductdetailspageTestplan" tests="1" failures="0" timestamp="23 Aug 2017 11:11:51 GMT" time="77.878" errors="0">
  <testcase name="scrooldowninproductdetailspage" time="77.878" classname="com.guarented.ecommerce.Testplans.ProductdetailspageTestplan"/>
</testsuite> <!-- com.guarented.ecommerce.Testplans.ProductdetailspageTestplan -->
