<?xml version="1.0" encoding="UTF-8"?>
<!-- Generated by org.testng.reporters.JUnitReportReporter -->
<testsuite hostname="user-PC" name="com.guarented.ecommerce.pages.URLS" tests="58" failures="0" timestamp="21 Aug 2017 09:53:24 GMT" time="1265.081" errors="0">
  <testcase name="sofas" time="27.413" classname="com.guarented.ecommerce.pages.URLS"/>
  <testcase name="elitebedtable" time="19.374" classname="com.guarented.ecommerce.pages.URLS"/>
  <testcase name="elitedoublebed" time="20.310" classname="com.guarented.ecommerce.pages.URLS"/>
  <testcase name="tables" time="24.389" classname="com.guarented.ecommerce.pages.URLS"/>
  <testcase name="mediumtv" time="19.397" classname="com.guarented.ecommerce.pages.URLS"/>
  <testcase name="elitestudypackage" time="21.381" classname="com.guarented.ecommerce.pages.URLS"/>
  <testcase name="brandnewsinglebed" time="20.445" classname="com.guarented.ecommerce.pages.URLS"/>
  <testcase name="elitecoltonsinglebed" time="15.571" classname="com.guarented.ecommerce.pages.URLS"/>
  <testcase name="recliners" time="25.097" classname="com.guarented.ecommerce.pages.URLS"/>
  <testcase name="elitecentertable" time="19.645" classname="com.guarented.ecommerce.pages.URLS"/>
  <testcase name="microwave" time="20.386" classname="com.guarented.ecommerce.pages.URLS"/>
  <testcase name="coltondoublebedroompackage" time="20.834" classname="com.guarented.ecommerce.pages.URLS"/>
  <testcase name="convectionmicrowave" time="19.952" classname="com.guarented.ecommerce.pages.URLS"/>
  <testcase name="coltonsinglebedroompackage" time="19.380" classname="com.guarented.ecommerce.pages.URLS"/>
  <testcase name="elitesofa3" time="13.583" classname="com.guarented.ecommerce.pages.URLS"/>
  <testcase name="elitewardrobe" time="18.531" classname="com.guarented.ecommerce.pages.URLS"/>
  <testcase name="brandnewsinglematteress" time="25.002" classname="com.guarented.ecommerce.pages.URLS"/>
  <testcase name="royalrecliner" time="21.637" classname="com.guarented.ecommerce.pages.URLS"/>
  <testcase name="fridge" time="24.905" classname="com.guarented.ecommerce.pages.URLS"/>
  <testcase name="applpackages" time="27.285" classname="com.guarented.ecommerce.pages.URLS"/>
  <testcase name="washingmachine" time="23.311" classname="com.guarented.ecommerce.pages.URLS"/>
  <testcase name="largetv" time="19.797" classname="com.guarented.ecommerce.pages.URLS"/>
  <testcase name="mattresses" time="26.452" classname="com.guarented.ecommerce.pages.URLS"/>
  <testcase name="toploadwashingmachine" time="21.427" classname="com.guarented.ecommerce.pages.URLS"/>
  <testcase name="brandnewstudychairs" time="22.696" classname="com.guarented.ecommerce.pages.URLS"/>
  <testcase name="diningset" time="35.085" classname="com.guarented.ecommerce.pages.URLS"/>
  <testcase name="fourglassdiningset" time="20.444" classname="com.guarented.ecommerce.pages.URLS"/>
  <testcase name="brandnewstudystudypackage" time="21.460" classname="com.guarented.ecommerce.pages.URLS"/>
  <testcase name="elite5sofa" time="13.158" classname="com.guarented.ecommerce.pages.URLS"/>
  <testcase name="elitteamillasinglebed" time="20.549" classname="com.guarented.ecommerce.pages.URLS"/>
  <testcase name="basickitchenpackage" time="19.350" classname="com.guarented.ecommerce.pages.URLS"/>
  <testcase name="sixglassdiningtable" time="20.491" classname="com.guarented.ecommerce.pages.URLS"/>
  <testcase name="elitesttudytable" time="19.484" classname="com.guarented.ecommerce.pages.URLS"/>
  <testcase name="solomicrowave" time="25.630" classname="com.guarented.ecommerce.pages.URLS"/>
  <testcase name="royalbroadbanddesk" time="24.920" classname="com.guarented.ecommerce.pages.URLS"/>
  <testcase name="beds" time="24.561" classname="com.guarented.ecommerce.pages.URLS"/>
  <testcase name="storage" time="23.892" classname="com.guarented.ecommerce.pages.URLS"/>
  <testcase name="completepackage" time="20.364" classname="com.guarented.ecommerce.pages.URLS"/>
  <testcase name="furnpackages" time="27.718" classname="com.guarented.ecommerce.pages.URLS"/>
  <testcase name="brandnewdoublemattresses" time="20.361" classname="com.guarented.ecommerce.pages.URLS"/>
  <testcase name="frontloadashingmachine" time="21.369" classname="com.guarented.ecommerce.pages.URLS"/>
  <testcase name="brandnewtoploadwashingmachine" time="21.203" classname="com.guarented.ecommerce.pages.URLS"/>
  <testcase name="basicappliancespackage" time="10.526" classname="com.guarented.ecommerce.pages.URLS"/>
  <testcase name="fridgesingledoor" time="21.225" classname="com.guarented.ecommerce.pages.URLS"/>
  <testcase name="elitecoltondoublebed" time="22.153" classname="com.guarented.ecommerce.pages.URLS"/>
  <testcase name="Doubledoorfridge" time="21.118" classname="com.guarented.ecommerce.pages.URLS"/>
  <testcase name="studychairs" time="24.990" classname="com.guarented.ecommerce.pages.URLS"/>
  <testcase name="coltontwinpackage" time="20.775" classname="com.guarented.ecommerce.pages.URLS"/>
  <testcase name="smalltv" time="21.775" classname="com.guarented.ecommerce.pages.URLS"/>
  <testcase name="furniture" time="31.296" classname="com.guarented.ecommerce.pages.URLS"/>
  <testcase name="elitestudychairs" time="20.423" classname="com.guarented.ecommerce.pages.URLS"/>
  <testcase name="studytable" time="13.431" classname="com.guarented.ecommerce.pages.URLS"/>
  <testcase name="royalappliancespackage" time="21.744" classname="com.guarented.ecommerce.pages.URLS"/>
  <testcase name="appliances" time="33.510" classname="com.guarented.ecommerce.pages.URLS"/>
  <testcase name="brandnewsingledoor" time="19.220" classname="com.guarented.ecommerce.pages.URLS"/>
  <testcase name="brandnewdoublebed" time="21.728" classname="com.guarented.ecommerce.pages.URLS"/>
  <testcase name="royalappliancepackage" time="19.603" classname="com.guarented.ecommerce.pages.URLS"/>
  <testcase name="television" time="23.325" classname="com.guarented.ecommerce.pages.URLS"/>
</testsuite> <!-- com.guarented.ecommerce.pages.URLS -->
