<?xml version="1.0" encoding="UTF-8"?>
<!-- Generated by org.testng.reporters.JUnitReportReporter -->
<testsuite hostname="user-PC" name="com.guarented.ecommerce.Testplans.SignuppageTestPlan" tests="45" failures="0" timestamp="9 Sep 2017 05:38:30 GMT" time="2269.611" errors="0">
  <testcase name="testproductsthroughexcel" time="50.227" classname="com.guarented.ecommerce.Testplans.SignuppageTestPlan"/>
  <testcase name="testproductsthroughexcel" time="52.281" classname="com.guarented.ecommerce.Testplans.SignuppageTestPlan"/>
  <testcase name="testproductsthroughexcel" time="49.098" classname="com.guarented.ecommerce.Testplans.SignuppageTestPlan"/>
  <testcase name="testproductsthroughexcel" time="52.187" classname="com.guarented.ecommerce.Testplans.SignuppageTestPlan"/>
  <testcase name="testproductsthroughexcel" time="49.394" classname="com.guarented.ecommerce.Testplans.SignuppageTestPlan"/>
  <testcase name="testproductsthroughexcel" time="52.011" classname="com.guarented.ecommerce.Testplans.SignuppageTestPlan"/>
  <testcase name="testproductsthroughexcel" time="51.463" classname="com.guarented.ecommerce.Testplans.SignuppageTestPlan"/>
  <testcase name="testproductsthroughexcel" time="48.852" classname="com.guarented.ecommerce.Testplans.SignuppageTestPlan"/>
  <testcase name="testproductsthroughexcel" time="48.399" classname="com.guarented.ecommerce.Testplans.SignuppageTestPlan"/>
  <testcase name="testproductsthroughexcel" time="48.341" classname="com.guarented.ecommerce.Testplans.SignuppageTestPlan"/>
  <testcase name="testproductsthroughexcel" time="52.604" classname="com.guarented.ecommerce.Testplans.SignuppageTestPlan"/>
  <testcase name="testproductsthroughexcel" time="67.321" classname="com.guarented.ecommerce.Testplans.SignuppageTestPlan"/>
  <testcase name="testproductsthroughexcel" time="49.258" classname="com.guarented.ecommerce.Testplans.SignuppageTestPlan"/>
  <testcase name="testproductsthroughexcel" time="47.574" classname="com.guarented.ecommerce.Testplans.SignuppageTestPlan"/>
  <testcase name="testproductsthroughexcel" time="48.204" classname="com.guarented.ecommerce.Testplans.SignuppageTestPlan"/>
  <testcase name="testproductsthroughexcel" time="45.813" classname="com.guarented.ecommerce.Testplans.SignuppageTestPlan"/>
  <testcase name="testproductsthroughexcel" time="47.623" classname="com.guarented.ecommerce.Testplans.SignuppageTestPlan"/>
  <testcase name="testproductsthroughexcel" time="47.441" classname="com.guarented.ecommerce.Testplans.SignuppageTestPlan"/>
  <testcase name="testproductsthroughexcel" time="52.836" classname="com.guarented.ecommerce.Testplans.SignuppageTestPlan"/>
  <testcase name="testproductsthroughexcel" time="46.280" classname="com.guarented.ecommerce.Testplans.SignuppageTestPlan"/>
  <testcase name="testproductsthroughexcel" time="46.787" classname="com.guarented.ecommerce.Testplans.SignuppageTestPlan"/>
  <testcase name="testproductsthroughexcel" time="49.813" classname="com.guarented.ecommerce.Testplans.SignuppageTestPlan"/>
  <testcase name="testproductsthroughexcel" time="52.046" classname="com.guarented.ecommerce.Testplans.SignuppageTestPlan"/>
  <testcase name="testproductsthroughexcel" time="49.796" classname="com.guarented.ecommerce.Testplans.SignuppageTestPlan"/>
  <testcase name="testproductsthroughexcel" time="49.823" classname="com.guarented.ecommerce.Testplans.SignuppageTestPlan"/>
  <testcase name="testproductsthroughexcel" time="48.221" classname="com.guarented.ecommerce.Testplans.SignuppageTestPlan"/>
  <testcase name="testproductsthroughexcel" time="58.739" classname="com.guarented.ecommerce.Testplans.SignuppageTestPlan"/>
  <testcase name="testproductsthroughexcel" time="48.157" classname="com.guarented.ecommerce.Testplans.SignuppageTestPlan"/>
  <testcase name="testproductsthroughexcel" time="55.664" classname="com.guarented.ecommerce.Testplans.SignuppageTestPlan"/>
  <testcase name="testproductsthroughexcel" time="57.683" classname="com.guarented.ecommerce.Testplans.SignuppageTestPlan"/>
  <testcase name="testproductsthroughexcel" time="54.973" classname="com.guarented.ecommerce.Testplans.SignuppageTestPlan"/>
  <testcase name="testproductsthroughexcel" time="52.584" classname="com.guarented.ecommerce.Testplans.SignuppageTestPlan"/>
  <testcase name="testproductsthroughexcel" time="49.890" classname="com.guarented.ecommerce.Testplans.SignuppageTestPlan"/>
  <testcase name="testproductsthroughexcel" time="45.950" classname="com.guarented.ecommerce.Testplans.SignuppageTestPlan"/>
  <testcase name="testproductsthroughexcel" time="50.860" classname="com.guarented.ecommerce.Testplans.SignuppageTestPlan"/>
  <testcase name="testproductsthroughexcel" time="48.953" classname="com.guarented.ecommerce.Testplans.SignuppageTestPlan"/>
  <testcase name="testproductsthroughexcel" time="49.268" classname="com.guarented.ecommerce.Testplans.SignuppageTestPlan"/>
  <testcase name="testproductsthroughexcel" time="46.304" classname="com.guarented.ecommerce.Testplans.SignuppageTestPlan"/>
  <testcase name="testproductsthroughexcel" time="46.075" classname="com.guarented.ecommerce.Testplans.SignuppageTestPlan"/>
  <testcase name="testproductsthroughexcel" time="47.447" classname="com.guarented.ecommerce.Testplans.SignuppageTestPlan"/>
  <testcase name="testproductsthroughexcel" time="46.073" classname="com.guarented.ecommerce.Testplans.SignuppageTestPlan"/>
  <testcase name="testproductsthroughexcel" time="59.191" classname="com.guarented.ecommerce.Testplans.SignuppageTestPlan"/>
  <testcase name="testproductsthroughexcel" time="49.706" classname="com.guarented.ecommerce.Testplans.SignuppageTestPlan"/>
  <testcase name="testproductsthroughexcel" time="48.452" classname="com.guarented.ecommerce.Testplans.SignuppageTestPlan"/>
  <testcase name="testproductsthroughexcel" time="49.949" classname="com.guarented.ecommerce.Testplans.SignuppageTestPlan"/>
</testsuite> <!-- com.guarented.ecommerce.Testplans.SignuppageTestPlan -->
