<?xml version="1.0" encoding="UTF-8"?>
<!-- Generated by org.testng.reporters.JUnitReportReporter -->
<testsuite hostname="user-PC" name="adminpanel.Adminconfirmed" tests="1" failures="0" timestamp="19 Sep 2017 11:22:45 GMT" time="78.715" errors="0">
  <testcase name="adminflowinconfirmation" time="78.715" classname="adminpanel.Adminconfirmed"/>
</testsuite> <!-- adminpanel.Adminconfirmed -->
