<?xml version="1.0" encoding="UTF-8"?>
<!-- Generated by org.testng.reporters.JUnitReportReporter -->
<testsuite hostname="user-PC" name="crossbrowser.crossbrowsertesting" tests="2" failures="0" timestamp="4 Sep 2017 05:58:19 GMT" time="48.467" errors="0">
  <testcase name="selectBrowser1" time="29.264" classname="crossbrowser.crossbrowsertesting"/>
  <testcase name="selectBrowser1" time="19.203" classname="crossbrowser.crossbrowsertesting"/>
</testsuite> <!-- crossbrowser.crossbrowsertesting -->
