<?xml version="1.0" encoding="UTF-8"?>
<!-- Generated by org.testng.reporters.JUnitReportReporter -->
<testsuite hostname="user-PC" name="adminpanel.Admintestflowthroughtable" tests="1" failures="0" timestamp="18 Sep 2017 09:38:27 GMT" time="80.543" errors="0">
  <testcase name="adminflowthroughmyorders" time="80.543" classname="adminpanel.Admintestflowthroughtable"/>
</testsuite> <!-- adminpanel.Admintestflowthroughtable -->
