<?xml version="1.0" encoding="UTF-8"?>
<!-- Generated by org.testng.reporters.JUnitReportReporter -->
<testsuite hostname="user-PC" name="adminpanel.Admintestflow" tests="1" failures="0" timestamp="25 Sep 2017 06:17:00 GMT" time="235.401" errors="0">
  <testcase name="adminflow" time="235.401" classname="adminpanel.Admintestflow"/>
</testsuite> <!-- adminpanel.Admintestflow -->
