<?xml version="1.0" encoding="UTF-8"?>
<!-- Generated by org.testng.reporters.JUnitReportReporter -->
<testsuite hostname="user-PC" name="com.guarented.ecommerce.testbase1.TC003_testBookingitemthroughSearch1" tests="1" failures="0" timestamp="6 Aug 2017 17:09:40 GMT" time="46.009" errors="0">
  <testcase name="book" time="46.009" classname="com.guarented.ecommerce.testbase1.TC003_testBookingitemthroughSearch1"/>
</testsuite> <!-- com.guarented.ecommerce.testbase1.TC003_testBookingitemthroughSearch1 -->
