<?xml version="1.0" encoding="UTF-8"?>
<!-- Generated by org.testng.reporters.JUnitReportReporter -->
<testsuite hostname="user-PC" name="com.guarented.ecommerce.Testplans.HomePageFooterLinksTestPlan" tests="3" failures="0" timestamp="16 Aug 2017 09:10:05 GMT" time="96.306" errors="0">
  <testcase name="verifyhomepagefooterlinksofHome_Furniture_on_Rent" time="25.608" classname="com.guarented.ecommerce.Testplans.HomePageFooterLinksTestPlan"/>
  <testcase name="verifyhomepagefooterlinksofHome_Appliances_on_Rent" time="24.990" classname="com.guarented.ecommerce.Testplans.HomePageFooterLinksTestPlan"/>
  <testcase name="verifyHomePageSocialSiteIcons" time="45.708" classname="com.guarented.ecommerce.Testplans.HomePageFooterLinksTestPlan"/>
</testsuite> <!-- com.guarented.ecommerce.Testplans.HomePageFooterLinksTestPlan -->
