<?xml version="1.0" encoding="UTF-8"?>
<!-- Generated by org.testng.reporters.JUnitReportReporter -->
<testsuite hostname="user-PC" name="com.reports.GenerateExtentReport" tests="4" failures="0" timestamp="18 Aug 2017 11:51:12 GMT" time="0.045" errors="0">
  <testcase name="demoReportPass1" time="0.002" classname="com.reports.GenerateExtentReport"/>
  <testcase name="demoReportPass2" time="0.007" classname="com.reports.GenerateExtentReport"/>
  <testcase name="demoReportFail" time="0.033" classname="com.reports.GenerateExtentReport"/>
  <testcase name="demoReportPass" time="0.003" classname="com.reports.GenerateExtentReport"/>
</testsuite> <!-- com.reports.GenerateExtentReport -->
