<?xml version="1.0" encoding="UTF-8"?>
<!-- Generated by org.testng.reporters.JUnitReportReporter -->
<testsuite hostname="user-PC" name="com.guaren.ecommerce.testscripts.TestLoginThroughDataProvider" tests="2" failures="0" timestamp="7 Aug 2017 06:10:37 GMT" time="46.411" errors="0">
  <testcase name="TestSearchThroughexcelwithoutlogin" time="22.694" classname="com.guaren.ecommerce.testscripts.TestLoginThroughDataProvider"/>
  <testcase name="TestSearchThroughexcelwithoutlogin" time="23.717" classname="com.guaren.ecommerce.testscripts.TestLoginThroughDataProvider"/>
</testsuite> <!-- com.guaren.ecommerce.testscripts.TestLoginThroughDataProvider -->
