<?xml version="1.0" encoding="UTF-8"?>
<!-- Generated by org.testng.reporters.JUnitReportReporter -->
<testsuite hostname="user-PC" name="adminpanel.adminneworder" tests="1" failures="0" timestamp="20 Sep 2017 05:06:46 GMT" time="64.608" errors="0">
  <testcase name="adminflowthroughmyordersfornewpage" time="64.608" classname="adminpanel.adminneworder"/>
</testsuite> <!-- adminpanel.adminneworder -->
