<?xml version="1.0" encoding="UTF-8"?>
<!-- Generated by org.testng.reporters.JUnitReportReporter -->
<testsuite hostname="user-PC" name="com.guarented.ecommerce.Testplans.TestLoginThroughDataProvider" tests="2" failures="0" timestamp="18 Aug 2017 06:06:01 GMT" time="156.442" errors="0">
  <testcase name="sendingproductsthroughexcelwithoutlogin" time="79.911" classname="com.guarented.ecommerce.Testplans.TestLoginThroughDataProvider"/>
  <testcase name="sendingproductsthroughexcelwithoutlogin" time="76.531" classname="com.guarented.ecommerce.Testplans.TestLoginThroughDataProvider"/>
</testsuite> <!-- com.guarented.ecommerce.Testplans.TestLoginThroughDataProvider -->
