<?xml version="1.0" encoding="UTF-8"?>
<!-- Generated by org.testng.reporters.JUnitReportReporter -->
<testsuite hostname="user-PC" name="adminpanel.paymentspage" tests="1" failures="0" timestamp="11 Sep 2017 10:43:07 GMT" time="22.440" errors="0">
  <testcase name="adminpaymentflow" time="22.440" classname="adminpanel.paymentspage"/>
</testsuite> <!-- adminpanel.paymentspage -->
