<?xml version="1.0" encoding="UTF-8"?>
<!-- Generated by org.testng.reporters.JUnitReportReporter -->
<testsuite hostname="user-PC" name="adminpanel.dynamic_table" tests="1" failures="0" timestamp="18 Sep 2017 09:50:30 GMT" time="0.819" errors="0">
  <testcase name="Handle_Dynamic_Webtable" time="0.819" classname="adminpanel.dynamic_table"/>
</testsuite> <!-- adminpanel.dynamic_table -->
