<?xml version="1.0" encoding="UTF-8"?>
<!-- Generated by org.testng.reporters.JUnitReportReporter -->
<testsuite hostname="user-PC" name="adminpanel.Admintestflowthroughmyordersinhomepage" tests="1" failures="0" timestamp="23 Sep 2017 05:50:59 GMT" time="62.081" errors="0">
  <testcase name="adminflowthroughmyorders" time="62.081" classname="adminpanel.Admintestflowthroughmyordersinhomepage"/>
</testsuite> <!-- adminpanel.Admintestflowthroughmyordersinhomepage -->
