<?xml version="1.0" encoding="UTF-8"?>
<!-- Generated by org.testng.reporters.JUnitReportReporter -->
<testsuite hostname="user-PC" name="com.guaren.ecommerce.testscripts.TC002_testRegistraion" tests="1" failures="0" timestamp="26 Jul 2017 06:37:40 GMT" time="14.548" errors="0">
  <testcase name="testRegistraionWithValidData" time="14.548" classname="com.guaren.ecommerce.testscripts.TC002_testRegistraion"/>
</testsuite> <!-- com.guaren.ecommerce.testscripts.TC002_testRegistraion -->
