<?xml version="1.0" encoding="UTF-8"?>
<!-- Generated by org.testng.reporters.JUnitReportReporter -->
<testsuite hostname="user-PC" name="com.guarented.ecommerce.Testplans.LoginTestplan" tests="3" failures="0" timestamp="29 Aug 2017 09:09:58 GMT" time="44.614" errors="0">
  <testcase name="customerdetailsinLoginpagewithinvaliddetails" time="14.072" classname="com.guarented.ecommerce.Testplans.LoginTestplan"/>
  <testcase name="customerdetailsinLoginpagewithinvaliddetails" time="16.713" classname="com.guarented.ecommerce.Testplans.LoginTestplan"/>
  <testcase name="customerdetailsinLoginpagewithinvaliddetails" time="13.829" classname="com.guarented.ecommerce.Testplans.LoginTestplan"/>
</testsuite> <!-- com.guarented.ecommerce.Testplans.LoginTestplan -->
