<?xml version="1.0" encoding="UTF-8"?>
<!-- Generated by org.testng.reporters.JUnitReportReporter -->
<testsuite hostname="user-PC" name="com.guarented.ecommerce.pages.NewURLS" tests="1" failures="0" timestamp="11 Sep 2017 17:38:43 GMT" time="24.796" errors="0">
  <testcase name="fourglassdiningset" time="24.796" classname="com.guarented.ecommerce.pages.NewURLS"/>
</testsuite> <!-- com.guarented.ecommerce.pages.NewURLS -->
