<?xml version="1.0" encoding="UTF-8"?>
<!-- Generated by org.testng.reporters.JUnitReportReporter -->
<testsuite hostname="user-PC" name="adminpanel.Adminprocured" tests="1" failures="0" timestamp="20 Sep 2017 04:53:15 GMT" time="75.194" errors="0">
  <testcase name="adminflowthroughmyordersinprocuredpage" time="75.194" classname="adminpanel.Adminprocured"/>
</testsuite> <!-- adminpanel.Adminprocured -->
