<?xml version="1.0" encoding="UTF-8"?>
<!-- Generated by org.testng.reporters.JUnitReportReporter -->
<testsuite hostname="user-PC" name="edureka.demoscriptclass" tests="1" failures="0" timestamp="1 Sep 2017 11:59:24 GMT" time="23.667" errors="0">
  <testcase name="headercode" time="23.667" classname="edureka.demoscriptclass"/>
</testsuite> <!-- edureka.demoscriptclass -->
