<?xml version="1.0" encoding="UTF-8"?>
<!-- Generated by org.testng.reporters.JUnitReportReporter -->
<testsuite hostname="user-PC" name="com.guaren.ecommerce.testscripts.TC001_testLogin" tests="1" failures="0" timestamp="26 Jul 2017 06:38:19 GMT" time="6.233" errors="0">
  <testcase name="testlogin" time="6.233" classname="com.guaren.ecommerce.testscripts.TC001_testLogin"/>
</testsuite> <!-- com.guaren.ecommerce.testscripts.TC001_testLogin -->
